<?xml version="1.0" encoding="UTF-8"?>
<!-- Generated by org.testng.reporters.JUnitReportReporter -->
<testsuite skipped="0" hostname="MSI" name="test.Test" tests="1" failures="0" timestamp="2022-08-17T14:42:09 IST" time="11.105" errors="0">
  <testcase name="login" time="11.105" classname="test.Test"/>
  <system-out/>
</testsuite> <!-- test.Test -->
