<?xml version="1.0" encoding="UTF-8"?>
<!-- Generated by org.testng.reporters.JUnitReportReporter -->
<testsuite skipped="0" hostname="MSI" name="test.Test" tests="1" failures="0" timestamp="2022-08-17T13:55:46 IST" time="6.368" errors="0">
  <testcase name="login" time="6.368" classname="test.Test"/>
  <system-out/>
</testsuite> <!-- test.Test -->
